0 info it worked if it ends with ok
1 verbose cli [ '/usr/local/bin/node',
1 verbose cli   '/usr/local/bin/npm',
1 verbose cli   'install',
1 verbose cli   'express-session' ]
2 info using npm@3.10.10
3 info using node@v6.9.4
4 silly loadCurrentTree Starting
5 silly install loadCurrentTree
6 silly install readLocalPackageData
7 silly fetchPackageMetaData express-session
8 silly fetchNamedPackageData express-session
9 silly mapToRegistry name express-session
10 silly mapToRegistry using default registry
11 silly mapToRegistry registry https://registry.npmjs.org/
12 silly mapToRegistry data Result {
12 silly mapToRegistry   raw: 'express-session',
12 silly mapToRegistry   scope: null,
12 silly mapToRegistry   escapedName: 'express-session',
12 silly mapToRegistry   name: 'express-session',
12 silly mapToRegistry   rawSpec: '',
12 silly mapToRegistry   spec: 'latest',
12 silly mapToRegistry   type: 'tag' }
13 silly mapToRegistry uri https://registry.npmjs.org/express-session
14 verbose request uri https://registry.npmjs.org/express-session
15 verbose request no auth needed
16 info attempt registry request try #1 at 1:28:28 PM
17 verbose request id 460a180812ece4de
18 verbose etag W/"58bbb573-1e105"
19 verbose lastModified Sun, 05 Mar 2017 06:51:31 GMT
20 http request GET https://registry.npmjs.org/express-session
21 info retry will retry, error on last attempt: Error: connect ECONNREFUSED 192.168.11.1:443
22 info attempt registry request try #2 at 1:28:38 PM
23 verbose etag W/"58bbb573-1e105"
24 verbose lastModified Sun, 05 Mar 2017 06:51:31 GMT
25 http request GET https://registry.npmjs.org/express-session
26 info retry will retry, error on last attempt: Error: connect ECONNREFUSED 192.168.11.1:443
27 info attempt registry request try #3 at 1:29:38 PM
28 verbose etag W/"58bbb573-1e105"
29 verbose lastModified Sun, 05 Mar 2017 06:51:31 GMT
30 http request GET https://registry.npmjs.org/express-session
31 silly get cb [ 304, undefined ]
32 verbose etag https://registry.npmjs.org/express-session from cache
33 verbose get saving express-session to /Users/sathiyaanbu/.npm/registry.npmjs.org/express-session/.cache.json
34 verbose correctMkdir /Users/sathiyaanbu/.npm correctMkdir not in flight; initializing
35 silly install normalizeTree
36 silly loadCurrentTree Finishing
37 silly loadIdealTree Starting
38 silly install loadIdealTree
39 silly cloneCurrentTree Starting
40 silly install cloneCurrentTreeToIdealTree
41 silly cloneCurrentTree Finishing
42 silly loadShrinkwrap Starting
43 silly install loadShrinkwrap
44 silly loadShrinkwrap Finishing
45 silly loadAllDepsIntoIdealTree Starting
46 silly install loadAllDepsIntoIdealTree
47 silly resolveWithNewModule express-session@1.15.1 checking installable status
48 silly cache add args [ 'express-session', null ]
49 verbose cache add spec express-session
50 silly cache add parsed spec Result {
50 silly cache add   raw: 'express-session',
50 silly cache add   scope: null,
50 silly cache add   escapedName: 'express-session',
50 silly cache add   name: 'express-session',
50 silly cache add   rawSpec: '',
50 silly cache add   spec: 'latest',
50 silly cache add   type: 'tag' }
51 silly addNamed express-session@latest
52 verbose addNamed "latest" is being treated as a dist-tag for express-session
53 info addNameTag [ 'express-session', 'latest' ]
54 silly mapToRegistry name express-session
55 silly mapToRegistry using default registry
56 silly mapToRegistry registry https://registry.npmjs.org/
57 silly mapToRegistry data Result {
57 silly mapToRegistry   raw: 'express-session',
57 silly mapToRegistry   scope: null,
57 silly mapToRegistry   escapedName: 'express-session',
57 silly mapToRegistry   name: 'express-session',
57 silly mapToRegistry   rawSpec: '',
57 silly mapToRegistry   spec: 'latest',
57 silly mapToRegistry   type: 'tag' }
58 silly mapToRegistry uri https://registry.npmjs.org/express-session
59 verbose addNameTag registry:https://registry.npmjs.org/express-session not in flight; fetching
60 verbose get https://registry.npmjs.org/express-session not expired, no request
61 silly addNameTag next cb for express-session with tag latest
62 silly addNamed express-session@1.15.1
63 verbose addNamed "1.15.1" is a plain semver version for express-session
64 silly mapToRegistry name express-session
65 silly mapToRegistry using default registry
66 silly mapToRegistry registry https://registry.npmjs.org/
67 silly mapToRegistry data Result {
67 silly mapToRegistry   raw: 'express-session',
67 silly mapToRegistry   scope: null,
67 silly mapToRegistry   escapedName: 'express-session',
67 silly mapToRegistry   name: 'express-session',
67 silly mapToRegistry   rawSpec: '',
67 silly mapToRegistry   spec: 'latest',
67 silly mapToRegistry   type: 'tag' }
68 silly mapToRegistry uri https://registry.npmjs.org/express-session
69 verbose addRemoteTarball https://registry.npmjs.org/express-session/-/express-session-1.15.1.tgz not in flight; adding
70 verbose addRemoteTarball [ 'https://registry.npmjs.org/express-session/-/express-session-1.15.1.tgz',
70 verbose addRemoteTarball   '9abba15971beea7ad98da5a4d25ed92ba4a2984e' ]
71 info retry fetch attempt 1 at 1:29:38 PM
72 info attempt registry request try #1 at 1:29:38 PM
73 http fetch GET https://registry.npmjs.org/express-session/-/express-session-1.15.1.tgz
74 info retry will retry, error on last attempt: Error: connect ECONNREFUSED 192.168.11.1:443
75 info attempt registry request try #2 at 1:29:48 PM
76 http fetch GET https://registry.npmjs.org/express-session/-/express-session-1.15.1.tgz
77 info retry will retry, error on last attempt: Error: connect ECONNREFUSED 192.168.11.1:443
78 info attempt registry request try #3 at 1:30:48 PM
79 http fetch GET https://registry.npmjs.org/express-session/-/express-session-1.15.1.tgz
80 error fetch failed https://registry.npmjs.org/express-session/-/express-session-1.15.1.tgz
81 warn retry will retry, error on last attempt: Error: connect ECONNREFUSED 192.168.11.1:443
82 info retry fetch attempt 2 at 1:30:58 PM
83 info attempt registry request try #1 at 1:30:58 PM
84 http fetch GET https://registry.npmjs.org/express-session/-/express-session-1.15.1.tgz
85 info retry will retry, error on last attempt: Error: connect ECONNREFUSED 192.168.11.1:443
86 info attempt registry request try #2 at 1:31:08 PM
87 http fetch GET https://registry.npmjs.org/express-session/-/express-session-1.15.1.tgz
88 info retry will retry, error on last attempt: Error: connect ECONNREFUSED 192.168.11.1:443
89 info attempt registry request try #3 at 1:32:08 PM
90 http fetch GET https://registry.npmjs.org/express-session/-/express-session-1.15.1.tgz
91 error fetch failed https://registry.npmjs.org/express-session/-/express-session-1.15.1.tgz
92 warn retry will retry, error on last attempt: Error: connect ECONNREFUSED 192.168.11.1:443
93 info retry fetch attempt 3 at 1:33:08 PM
94 info attempt registry request try #1 at 1:33:08 PM
95 http fetch GET https://registry.npmjs.org/express-session/-/express-session-1.15.1.tgz
96 info retry will retry, error on last attempt: Error: connect ECONNREFUSED 192.168.11.1:443
97 info attempt registry request try #2 at 1:33:19 PM
98 http fetch GET https://registry.npmjs.org/express-session/-/express-session-1.15.1.tgz
99 info retry will retry, error on last attempt: Error: connect ECONNREFUSED 192.168.11.1:443
100 info attempt registry request try #3 at 1:34:19 PM
101 http fetch GET https://registry.npmjs.org/express-session/-/express-session-1.15.1.tgz
102 error fetch failed https://registry.npmjs.org/express-session/-/express-session-1.15.1.tgz
103 silly rollbackFailedOptional Starting
104 silly rollbackFailedOptional Finishing
105 silly runTopLevelLifecycles Finishing
106 silly install printInstalled
107 verbose stack Error: connect ECONNREFUSED 192.168.11.1:443
107 verbose stack     at Object.exports._errnoException (util.js:1022:11)
107 verbose stack     at exports._exceptionWithHostPort (util.js:1045:20)
107 verbose stack     at TCPConnectWrap.afterConnect [as oncomplete] (net.js:1087:14)
108 verbose cwd /Users/sathiyaanbu/howtobeafinn/www
109 error Darwin 16.5.0
110 error argv "/usr/local/bin/node" "/usr/local/bin/npm" "install" "express-session"
111 error node v6.9.4
112 error npm  v3.10.10
113 error code ECONNREFUSED
114 error errno ECONNREFUSED
115 error syscall connect
116 error Error: connect ECONNREFUSED 192.168.11.1:443
116 error     at Object.exports._errnoException (util.js:1022:11)
116 error     at exports._exceptionWithHostPort (util.js:1045:20)
116 error     at TCPConnectWrap.afterConnect [as oncomplete] (net.js:1087:14)
116 error  { Error: connect ECONNREFUSED 192.168.11.1:443
116 error     at Object.exports._errnoException (util.js:1022:11)
116 error     at exports._exceptionWithHostPort (util.js:1045:20)
116 error     at TCPConnectWrap.afterConnect [as oncomplete] (net.js:1087:14)
116 error   code: 'ECONNREFUSED',
116 error   errno: 'ECONNREFUSED',
116 error   syscall: 'connect',
116 error   address: '192.168.11.1',
116 error   port: 443 }
117 error If you are behind a proxy, please make sure that the
117 error 'proxy' config is set properly.  See: 'npm help config'
118 verbose exit [ 1, true ]
